<?xml version="1.0" encoding="UTF-8"?>
<testng-results skipped="0" failed="0" total="1" passed="1">
  <reporter-output>
  </reporter-output>
  <suite name="Default suite" duration-ms="30641" started-at="2015-06-09T16:11:53Z" finished-at="2015-06-09T16:12:23Z">
    <groups>
    </groups>
    <test name="Default test" duration-ms="30641" started-at="2015-06-09T16:11:53Z" finished-at="2015-06-09T16:12:23Z">
      <class name="com.learn.BiaoheTest">
        <test-method status="PASS" signature="beforeTest()[pri:0, instance:com.learn.BiaoheTest@7d417077]" name="beforeTest" is-config="true" duration-ms="29477" started-at="2015-06-09T11:11:53Z" finished-at="2015-06-09T11:12:22Z">
          <reporter-output>
          </reporter-output>
        </test-method> <!-- beforeTest -->
        <test-method status="PASS" signature="f()[pri:0, instance:com.learn.BiaoheTest@7d417077]" name="f" duration-ms="1148" started-at="2015-06-09T11:12:22Z" finished-at="2015-06-09T11:12:23Z">
          <reporter-output>
          </reporter-output>
        </test-method> <!-- f -->
        <test-method status="PASS" signature="afterTest()[pri:0, instance:com.learn.BiaoheTest@7d417077]" name="afterTest" is-config="true" duration-ms="0" started-at="2015-06-09T11:12:23Z" finished-at="2015-06-09T11:12:23Z">
          <reporter-output>
          </reporter-output>
        </test-method> <!-- afterTest -->
      </class> <!-- com.learn.BiaoheTest -->
    </test> <!-- Default test -->
  </suite> <!-- Default suite -->
</testng-results>
